<?xml version="1.0" encoding="UTF-8"?>
<coverage generated="1645435199203" clover="3.2.0">
  <project timestamp="1645435199203" name="All files">
    <metrics statements="8" coveredstatements="2" conditionals="0" coveredconditionals="0" methods="8" coveredmethods="2" elements="16" coveredelements="4" complexity="0" loc="8" ncloc="8" packages="2" files="9" classes="9"/>
    <package name="components">
      <metrics statements="4" coveredstatements="1" conditionals="0" coveredconditionals="0" methods="4" coveredmethods="1"/>
      <file name="Button.js" path="/Users/yewin/Desktop/whereinworld/src/components/Button.js">
        <metrics statements="1" coveredstatements="1" conditionals="0" coveredconditionals="0" methods="1" coveredmethods="1"/>
        <line num="4" count="1" type="stmt"/>
      </file>
      <file name="Card.js" path="/Users/yewin/Desktop/whereinworld/src/components/Card.js">
        <metrics statements="1" coveredstatements="0" conditionals="0" coveredconditionals="0" methods="1" coveredmethods="0"/>
        <line num="4" count="0" type="stmt"/>
      </file>
      <file name="Dropdown.js" path="/Users/yewin/Desktop/whereinworld/src/components/Dropdown.js">
        <metrics statements="1" coveredstatements="0" conditionals="0" coveredconditionals="0" methods="1" coveredmethods="0"/>
        <line num="4" count="0" type="stmt"/>
      </file>
      <file name="Input.js" path="/Users/yewin/Desktop/whereinworld/src/components/Input.js">
        <metrics statements="1" coveredstatements="0" conditionals="0" coveredconditionals="0" methods="1" coveredmethods="0"/>
        <line num="4" count="0" type="stmt"/>
      </file>
    </package>
    <package name="components.layouts">
      <metrics statements="4" coveredstatements="1" conditionals="0" coveredconditionals="0" methods="4" coveredmethods="1"/>
      <file name="Footer.js" path="/Users/yewin/Desktop/whereinworld/src/components/layouts/Footer.js">
        <metrics statements="1" coveredstatements="0" conditionals="0" coveredconditionals="0" methods="1" coveredmethods="0"/>
        <line num="4" count="0" type="stmt"/>
      </file>
      <file name="Header.js" path="/Users/yewin/Desktop/whereinworld/src/components/layouts/Header.js">
        <metrics statements="1" coveredstatements="1" conditionals="0" coveredconditionals="0" methods="1" coveredmethods="1"/>
        <line num="5" count="1" type="stmt"/>
      </file>
      <file name="List.js" path="/Users/yewin/Desktop/whereinworld/src/components/layouts/List.js">
        <metrics statements="1" coveredstatements="0" conditionals="0" coveredconditionals="0" methods="1" coveredmethods="0"/>
        <line num="5" count="0" type="stmt"/>
      </file>
      <file name="SearchHeader.js" path="/Users/yewin/Desktop/whereinworld/src/components/layouts/SearchHeader.js">
        <metrics statements="1" coveredstatements="0" conditionals="0" coveredconditionals="0" methods="1" coveredmethods="0"/>
        <line num="6" count="0" type="stmt"/>
      </file>
      <file name="index.js" path="/Users/yewin/Desktop/whereinworld/src/components/layouts/index.js">
        <metrics statements="0" coveredstatements="0" conditionals="0" coveredconditionals="0" methods="0" coveredmethods="0"/>
      </file>
    </package>
  </project>
</coverage>
