{"/Users/yewin/Desktop/whereinworld/src/components/Button.js": {"path":"/Users/yewin/Desktop/whereinworld/src/components/Button.js","statementMap":{"0":{"start":{"line":4,"column":2},"end":{"line":4,"column":27}}},"fnMap":{"0":{"name":"Button","decl":{"start":{"line":3,"column":9},"end":{"line":3,"column":15}},"loc":{"start":{"line":3,"column":18},"end":{"line":5,"column":1}},"line":3}},"branchMap":{},"s":{"0":1},"f":{"0":1},"b":{},"_coverageSchema":"1a1c01bbd47fc00a2c39e90264f33305004495a9","hash":"4923b9e6200ea675e72048f61a156d3d75b08724"}
,"/Users/yewin/Desktop/whereinworld/src/components/Card.js": {"path":"/Users/yewin/Desktop/whereinworld/src/components/Card.js","statementMap":{"0":{"start":{"line":4,"column":2},"end":{"line":4,"column":33}}},"fnMap":{"0":{"name":"Card","decl":{"start":{"line":3,"column":9},"end":{"line":3,"column":13}},"loc":{"start":{"line":3,"column":16},"end":{"line":5,"column":1}},"line":3}},"branchMap":{},"s":{"0":0},"f":{"0":0},"b":{},"_coverageSchema":"1a1c01bbd47fc00a2c39e90264f33305004495a9","hash":"321b03efffffe11fc73ca6ae1d46c7d96f36c1f1"}
,"/Users/yewin/Desktop/whereinworld/src/components/Dropdown.js": {"path":"/Users/yewin/Desktop/whereinworld/src/components/Dropdown.js","statementMap":{"0":{"start":{"line":4,"column":2},"end":{"line":4,"column":29}}},"fnMap":{"0":{"name":"Dropdown","decl":{"start":{"line":3,"column":9},"end":{"line":3,"column":17}},"loc":{"start":{"line":3,"column":20},"end":{"line":5,"column":1}},"line":3}},"branchMap":{},"s":{"0":0},"f":{"0":0},"b":{},"_coverageSchema":"1a1c01bbd47fc00a2c39e90264f33305004495a9","hash":"7d6f6fd232ab8468bf2b0d63c94f485e3372c4c6"}
,"/Users/yewin/Desktop/whereinworld/src/components/Input.js": {"path":"/Users/yewin/Desktop/whereinworld/src/components/Input.js","statementMap":{"0":{"start":{"line":4,"column":2},"end":{"line":4,"column":26}}},"fnMap":{"0":{"name":"Input","decl":{"start":{"line":3,"column":9},"end":{"line":3,"column":14}},"loc":{"start":{"line":3,"column":17},"end":{"line":5,"column":1}},"line":3}},"branchMap":{},"s":{"0":0},"f":{"0":0},"b":{},"_coverageSchema":"1a1c01bbd47fc00a2c39e90264f33305004495a9","hash":"b2c265ec8475f138789831c51fff869856552eca"}
,"/Users/yewin/Desktop/whereinworld/src/components/layouts/Footer.js": {"path":"/Users/yewin/Desktop/whereinworld/src/components/layouts/Footer.js","statementMap":{"0":{"start":{"line":4,"column":2},"end":{"line":4,"column":42}}},"fnMap":{"0":{"name":"Footer","decl":{"start":{"line":3,"column":9},"end":{"line":3,"column":15}},"loc":{"start":{"line":3,"column":18},"end":{"line":5,"column":1}},"line":3}},"branchMap":{},"s":{"0":0},"f":{"0":0},"b":{},"_coverageSchema":"1a1c01bbd47fc00a2c39e90264f33305004495a9","hash":"8842a13e3c0a16f5d37aa1f074089cd66704aa13"}
,"/Users/yewin/Desktop/whereinworld/src/components/layouts/Header.js": {"path":"/Users/yewin/Desktop/whereinworld/src/components/layouts/Header.js","statementMap":{"0":{"start":{"line":5,"column":2},"end":{"line":10,"column":4}}},"fnMap":{"0":{"name":"Header","decl":{"start":{"line":4,"column":9},"end":{"line":4,"column":15}},"loc":{"start":{"line":4,"column":18},"end":{"line":11,"column":1}},"line":4}},"branchMap":{},"s":{"0":1},"f":{"0":1},"b":{},"_coverageSchema":"1a1c01bbd47fc00a2c39e90264f33305004495a9","hash":"afb0dd8b2c010bd9f857a6d9625da7959abfec65"}
,"/Users/yewin/Desktop/whereinworld/src/components/layouts/List.js": {"path":"/Users/yewin/Desktop/whereinworld/src/components/layouts/List.js","statementMap":{"0":{"start":{"line":5,"column":2},"end":{"line":9,"column":4}}},"fnMap":{"0":{"name":"List","decl":{"start":{"line":4,"column":9},"end":{"line":4,"column":13}},"loc":{"start":{"line":4,"column":16},"end":{"line":10,"column":1}},"line":4}},"branchMap":{},"s":{"0":0},"f":{"0":0},"b":{},"_coverageSchema":"1a1c01bbd47fc00a2c39e90264f33305004495a9","hash":"1e48993059c18375f977b9caf8954c8d1a083ebd"}
,"/Users/yewin/Desktop/whereinworld/src/components/layouts/SearchHeader.js": {"path":"/Users/yewin/Desktop/whereinworld/src/components/layouts/SearchHeader.js","statementMap":{"0":{"start":{"line":6,"column":2},"end":{"line":13,"column":4}}},"fnMap":{"0":{"name":"SearchHeader","decl":{"start":{"line":5,"column":9},"end":{"line":5,"column":21}},"loc":{"start":{"line":5,"column":24},"end":{"line":14,"column":1}},"line":5}},"branchMap":{},"s":{"0":0},"f":{"0":0},"b":{},"_coverageSchema":"1a1c01bbd47fc00a2c39e90264f33305004495a9","hash":"994820e294b2e5b3760932129c986861ac3c6594"}
,"/Users/yewin/Desktop/whereinworld/src/components/layouts/index.js": {"path":"/Users/yewin/Desktop/whereinworld/src/components/layouts/index.js","statementMap":{},"fnMap":{},"branchMap":{},"s":{},"f":{},"b":{},"_coverageSchema":"1a1c01bbd47fc00a2c39e90264f33305004495a9","hash":"5bd021676c952856f74c890d4efc6d26a2695424"}
}
