TN:
SF:src/components/Button.js
FN:3,Button
FNF:1
FNH:1
FNDA:1,Button
DA:4,1
LF:1
LH:1
BRF:0
BRH:0
end_of_record
TN:
SF:src/components/Card.js
FN:3,Card
FNF:1
FNH:0
FNDA:0,Card
DA:4,0
LF:1
LH:0
BRF:0
BRH:0
end_of_record
TN:
SF:src/components/Dropdown.js
FN:3,Dropdown
FNF:1
FNH:0
FNDA:0,Dropdown
DA:4,0
LF:1
LH:0
BRF:0
BRH:0
end_of_record
TN:
SF:src/components/Input.js
FN:3,Input
FNF:1
FNH:0
FNDA:0,Input
DA:4,0
LF:1
LH:0
BRF:0
BRH:0
end_of_record
TN:
SF:src/components/layouts/Footer.js
FN:3,Footer
FNF:1
FNH:0
FNDA:0,Footer
DA:4,0
LF:1
LH:0
BRF:0
BRH:0
end_of_record
TN:
SF:src/components/layouts/Header.js
FN:4,Header
FNF:1
FNH:1
FNDA:1,Header
DA:5,1
LF:1
LH:1
BRF:0
BRH:0
end_of_record
TN:
SF:src/components/layouts/List.js
FN:4,List
FNF:1
FNH:0
FNDA:0,List
DA:5,0
LF:1
LH:0
BRF:0
BRH:0
end_of_record
TN:
SF:src/components/layouts/SearchHeader.js
FN:5,SearchHeader
FNF:1
FNH:0
FNDA:0,SearchHeader
DA:6,0
LF:1
LH:0
BRF:0
BRH:0
end_of_record
TN:
SF:src/components/layouts/index.js
FNF:0
FNH:0
LF:0
LH:0
BRF:0
BRH:0
end_of_record
